2024-06-28 13:53:46,877 INFO [main] j.p.HelloApplication [HelloApplication.java:45] Launching JavaFX application
2024-06-28 13:53:46,966 INFO [main] j.p.HelloApplication [HelloApplication.java:48] Connected to database: jdbc:h2:tcp://localhost:9090/~/app
2024-06-28 13:53:49,344 INFO [JavaFX Application Thread] j.p.l.LayoutController [LayoutController.java:68] Showing transaction search screen
2024-06-28 13:53:57,785 INFO [JavaFX Application Thread] a.p.u.DatabaseUtils [DatabaseUtils.java:122] prep30: SELECT * FROM TRANSACTION WHERE 1=1 AND AMOUNT BETWEEN ? AND ?
2024-06-28 13:53:59,620 INFO [JavaFX Application Thread] a.p.u.DatabaseUtils [DatabaseUtils.java:137] rs38: columns: 7 rows: 11 pos: -1
2024-06-28 13:53:59,891 INFO [JavaFX Application Thread] a.p.u.DatabaseUtils [DatabaseUtils.java:139] Transaction{transactionType=INCOME, amount=15000.00, description='Honorar za projektni zadatak', date=2023-02-01, project=Project{client=Horvat d.o.o., tasks=null, transactions=null, employees=null} Issue{description='Projekt izgradnje modernog poslovnog centra', startDate=2023-01-01, deadline=2023-06-30, status=TO_DO} Entity{id=1, name='Izgradnja poslovnog centra'}, id=1, name='Projektni honorar'} Entity{id=1, name='Projektni honorar'}
2024-06-28 13:53:59,892 INFO [JavaFX Application Thread] a.p.u.DatabaseUtils [DatabaseUtils.java:139] Transaction{transactionType=INCOME, amount=5000.00, description='Plaćanje za konsultantske usluge', date=2023-02-15, project=Project{client=Horvat d.o.o., tasks=null, transactions=null, employees=null} Issue{description='Projekt izgradnje modernog poslovnog centra', startDate=2023-01-01, deadline=2023-06-30, status=TO_DO} Entity{id=1, name='Izgradnja poslovnog centra'}, id=2, name='Konsultantske usluge'} Entity{id=2, name='Konsultantske usluge'}
2024-06-28 13:53:59,893 INFO [JavaFX Application Thread] a.p.u.DatabaseUtils [DatabaseUtils.java:139] Transaction{transactionType=INCOME, amount=2000.00, description='Prihod od prodaje nacrta', date=2023-02-20, project=Project{client=Kovačić Gradnja, tasks=null, transactions=null, employees=null} Issue{description='Obnova i modernizacija stare gradske kuće', startDate=2023-07-01, deadline=2023-12-31, status=IN_PROGRESS} Entity{id=2, name='Renovacija stare gradske kuće'}, id=3, name='Prodaja nacrta'} Entity{id=3, name='Prodaja nacrta'}
2024-06-28 13:53:59,893 INFO [JavaFX Application Thread] a.p.u.DatabaseUtils [DatabaseUtils.java:139] Transaction{transactionType=INCOME, amount=10000.00, description='Državna subvencija za zeleno graditeljstvo', date=2023-02-25, project=Project{client=Kovačić Gradnja, tasks=null, transactions=null, employees=null} Issue{description='Obnova i modernizacija stare gradske kuće', startDate=2023-07-01, deadline=2023-12-31, status=IN_PROGRESS} Entity{id=2, name='Renovacija stare gradske kuće'}, id=4, name='Subvencija'} Entity{id=4, name='Subvencija'}
2024-06-28 13:53:59,894 INFO [JavaFX Application Thread] a.p.u.DatabaseUtils [DatabaseUtils.java:139] Transaction{transactionType=INCOME, amount=500.00, description='Donacija od lokalne zajednice', date=2023-02-28, project=Project{client=Marković Projekt, tasks=null, transactions=null, employees=null} Issue{description='Izrada nacrta za novi stambeni blok', startDate=2024-01-01, deadline=2024-06-30, status=DONE} Entity{id=3, name='Projektiranje novog stambenog bloka'}, id=5, name='Donacija'} Entity{id=5, name='Donacija'}
2024-06-28 13:53:59,895 INFO [JavaFX Application Thread] a.p.u.DatabaseUtils [DatabaseUtils.java:139] Transaction{transactionType=EXPENSE, amount=8000.00, description='Mjesečna najamnina za ured', date=2023-02-05, project=Project{client=Marković Projekt, tasks=null, transactions=null, employees=null} Issue{description='Izrada nacrta za novi stambeni blok', startDate=2024-01-01, deadline=2024-06-30, status=DONE} Entity{id=3, name='Projektiranje novog stambenog bloka'}, id=6, name='Najam ureda'} Entity{id=6, name='Najam ureda'}
2024-06-28 13:53:59,896 INFO [JavaFX Application Thread] a.p.u.DatabaseUtils [DatabaseUtils.java:139] Transaction{transactionType=EXPENSE, amount=1500.00, description='Mjesečni troškovi režija', date=2023-02-10, project=Project{client=Horvat d.o.o., tasks=null, transactions=null, employees=null} Issue{description='Projekt izgradnje modernog poslovnog centra', startDate=2023-01-01, deadline=2023-06-30, status=TO_DO} Entity{id=1, name='Izgradnja poslovnog centra'}, id=7, name='Režije'} Entity{id=7, name='Režije'}
2024-06-28 13:53:59,896 INFO [JavaFX Application Thread] a.p.u.DatabaseUtils [DatabaseUtils.java:139] Transaction{transactionType=EXPENSE, amount=3000.00, description='Nabava materijala za maketu', date=2023-02-15, project=Project{client=Kovačić Gradnja, tasks=null, transactions=null, employees=null} Issue{description='Obnova i modernizacija stare gradske kuće', startDate=2023-07-01, deadline=2023-12-31, status=IN_PROGRESS} Entity{id=2, name='Renovacija stare gradske kuće'}, id=8, name='Nabava materijala'} Entity{id=8, name='Nabava materijala'}
2024-06-28 13:53:59,897 INFO [JavaFX Application Thread] a.p.u.DatabaseUtils [DatabaseUtils.java:139] Transaction{transactionType=EXPENSE, amount=1200.00, description='Godišnja obnova softverskih licenci', date=2023-02-20, project=Project{client=Marković Projekt, tasks=null, transactions=null, employees=null} Issue{description='Izrada nacrta za novi stambeni blok', startDate=2024-01-01, deadline=2024-06-30, status=DONE} Entity{id=3, name='Projektiranje novog stambenog bloka'}, id=9, name='Softverske licence'} Entity{id=9, name='Softverske licence'}
2024-06-28 13:53:59,898 INFO [JavaFX Application Thread] a.p.u.DatabaseUtils [DatabaseUtils.java:139] Transaction{transactionType=EXPENSE, amount=500.00, description='Ručak sa klijentima', date=2023-02-25, project=Project{client=Horvat d.o.o., tasks=null, transactions=null, employees=null} Issue{description='Projekt izgradnje modernog poslovnog centra', startDate=2023-01-01, deadline=2023-06-30, status=TO_DO} Entity{id=1, name='Izgradnja poslovnog centra'}, id=10, name='Poslovni ručak'} Entity{id=10, name='Poslovni ručak'}
2024-06-28 13:53:59,898 INFO [JavaFX Application Thread] a.p.u.DatabaseUtils [DatabaseUtils.java:139] Transaction{transactionType=EXPENSE, amount=8000.00, description='Trošak sudskih troškova', date=2024-06-28, project=Project{client=Horvat d.o.o., tasks=null, transactions=null, employees=null} Issue{description='Projekt izgradnje modernog poslovnog centra', startDate=2023-01-01, deadline=2023-06-30, status=TO_DO} Entity{id=1, name='Izgradnja poslovnog centra'}, id=12, name='Račun BR 9911'} Entity{id=12, name='Račun BR 9911'}
2024-06-28 13:54:29,415 ERROR [JavaFX Application Thread] j.p.u.JavaFxUtils [JavaFxUtils.java:47] Invalid format for type java.math.BigDecimal: [null]
2024-06-28 13:54:29,416 ERROR [JavaFX Application Thread] j.p.u.JavaFxUtils [JavaFxUtils.java:47] Invalid format for type java.math.BigDecimal: [null]
2024-06-28 13:55:54,901 INFO [JavaFX Application Thread] a.p.u.DatabaseUtils [DatabaseUtils.java:122] prep53: SELECT * FROM TRANSACTION WHERE 1=1 AND AMOUNT BETWEEN ? AND ? AND PROJECT_ID = ?
2024-06-28 13:56:04,790 INFO [JavaFX Application Thread] a.p.u.DatabaseUtils [DatabaseUtils.java:137] rs94: columns: 7 rows: 3 pos: -1
2024-06-28 13:56:06,452 INFO [JavaFX Application Thread] a.p.u.DatabaseUtils [DatabaseUtils.java:139] Transaction{transactionType=INCOME, amount=500.00, description='Donacija od lokalne zajednice', date=2023-02-28, project=Project{client=Marković Projekt, tasks=null, transactions=null, employees=null} Issue{description='Izrada nacrta za novi stambeni blok', startDate=2024-01-01, deadline=2024-06-30, status=DONE} Entity{id=3, name='Projektiranje novog stambenog bloka'}, id=5, name='Donacija'} Entity{id=5, name='Donacija'}
2024-06-28 13:56:06,453 INFO [JavaFX Application Thread] a.p.u.DatabaseUtils [DatabaseUtils.java:139] Transaction{transactionType=EXPENSE, amount=8000.00, description='Mjesečna najamnina za ured', date=2023-02-05, project=Project{client=Marković Projekt, tasks=null, transactions=null, employees=null} Issue{description='Izrada nacrta za novi stambeni blok', startDate=2024-01-01, deadline=2024-06-30, status=DONE} Entity{id=3, name='Projektiranje novog stambenog bloka'}, id=6, name='Najam ureda'} Entity{id=6, name='Najam ureda'}
2024-06-28 13:56:06,454 INFO [JavaFX Application Thread] a.p.u.DatabaseUtils [DatabaseUtils.java:139] Transaction{transactionType=EXPENSE, amount=1200.00, description='Godišnja obnova softverskih licenci', date=2023-02-20, project=Project{client=Marković Projekt, tasks=null, transactions=null, employees=null} Issue{description='Izrada nacrta za novi stambeni blok', startDate=2024-01-01, deadline=2024-06-30, status=DONE} Entity{id=3, name='Projektiranje novog stambenog bloka'}, id=9, name='Softverske licence'} Entity{id=9, name='Softverske licence'}
2024-06-28 14:08:53,847 INFO [main] j.p.HelloApplication [HelloApplication.java:45] Launching JavaFX application
2024-06-28 14:08:53,913 INFO [main] j.p.HelloApplication [HelloApplication.java:48] Connected to database: jdbc:h2:tcp://localhost:9090/~/app
2024-06-28 14:08:57,446 INFO [JavaFX Application Thread] j.p.l.LayoutController [LayoutController.java:68] Showing transaction search screen
2024-06-28 14:08:57,635 INFO [JavaFX Application Thread] a.p.u.DatabaseUtils [DatabaseUtils.java:122] prep30: SELECT * FROM TRANSACTION WHERE 1=1 AND AMOUNT BETWEEN ? AND ?
2024-06-28 14:08:57,637 INFO [JavaFX Application Thread] a.p.u.DatabaseUtils [DatabaseUtils.java:137] rs36: columns: 7 rows: 11 pos: -1
2024-06-28 14:08:57,698 INFO [JavaFX Application Thread] a.p.u.DatabaseUtils [DatabaseUtils.java:139] Transaction{transactionType=INCOME, amount=15000.00, description='Honorar za projektni zadatak', date=2023-02-01, project=Izgradnja poslovnog centra, id=1, name='Projektni honorar'} Entity{id=1, name='Projektni honorar'}
2024-06-28 14:08:57,698 INFO [JavaFX Application Thread] a.p.u.DatabaseUtils [DatabaseUtils.java:139] Transaction{transactionType=INCOME, amount=5000.00, description='Plaćanje za konsultantske usluge', date=2023-02-15, project=Izgradnja poslovnog centra, id=2, name='Konsultantske usluge'} Entity{id=2, name='Konsultantske usluge'}
2024-06-28 14:08:57,698 INFO [JavaFX Application Thread] a.p.u.DatabaseUtils [DatabaseUtils.java:139] Transaction{transactionType=INCOME, amount=2000.00, description='Prihod od prodaje nacrta', date=2023-02-20, project=Renovacija stare gradske kuće, id=3, name='Prodaja nacrta'} Entity{id=3, name='Prodaja nacrta'}
2024-06-28 14:08:57,699 INFO [JavaFX Application Thread] a.p.u.DatabaseUtils [DatabaseUtils.java:139] Transaction{transactionType=INCOME, amount=10000.00, description='Državna subvencija za zeleno graditeljstvo', date=2023-02-25, project=Renovacija stare gradske kuće, id=4, name='Subvencija'} Entity{id=4, name='Subvencija'}
2024-06-28 14:08:57,699 INFO [JavaFX Application Thread] a.p.u.DatabaseUtils [DatabaseUtils.java:139] Transaction{transactionType=INCOME, amount=500.00, description='Donacija od lokalne zajednice', date=2023-02-28, project=Projektiranje novog stambenog bloka, id=5, name='Donacija'} Entity{id=5, name='Donacija'}
2024-06-28 14:08:57,699 INFO [JavaFX Application Thread] a.p.u.DatabaseUtils [DatabaseUtils.java:139] Transaction{transactionType=EXPENSE, amount=8000.00, description='Mjesečna najamnina za ured', date=2023-02-05, project=Projektiranje novog stambenog bloka, id=6, name='Najam ureda'} Entity{id=6, name='Najam ureda'}
2024-06-28 14:08:57,699 INFO [JavaFX Application Thread] a.p.u.DatabaseUtils [DatabaseUtils.java:139] Transaction{transactionType=EXPENSE, amount=1500.00, description='Mjesečni troškovi režija', date=2023-02-10, project=Izgradnja poslovnog centra, id=7, name='Režije'} Entity{id=7, name='Režije'}
2024-06-28 14:08:57,699 INFO [JavaFX Application Thread] a.p.u.DatabaseUtils [DatabaseUtils.java:139] Transaction{transactionType=EXPENSE, amount=3000.00, description='Nabava materijala za maketu', date=2023-02-15, project=Renovacija stare gradske kuće, id=8, name='Nabava materijala'} Entity{id=8, name='Nabava materijala'}
2024-06-28 14:08:57,700 INFO [JavaFX Application Thread] a.p.u.DatabaseUtils [DatabaseUtils.java:139] Transaction{transactionType=EXPENSE, amount=1200.00, description='Godišnja obnova softverskih licenci', date=2023-02-20, project=Projektiranje novog stambenog bloka, id=9, name='Softverske licence'} Entity{id=9, name='Softverske licence'}
2024-06-28 14:08:57,700 INFO [JavaFX Application Thread] a.p.u.DatabaseUtils [DatabaseUtils.java:139] Transaction{transactionType=EXPENSE, amount=500.00, description='Ručak sa klijentima', date=2023-02-25, project=Izgradnja poslovnog centra, id=10, name='Poslovni ručak'} Entity{id=10, name='Poslovni ručak'}
2024-06-28 14:08:57,700 INFO [JavaFX Application Thread] a.p.u.DatabaseUtils [DatabaseUtils.java:139] Transaction{transactionType=EXPENSE, amount=8000.00, description='Trošak sudskih troškova', date=2024-06-28, project=Izgradnja poslovnog centra, id=12, name='Račun BR 9911'} Entity{id=12, name='Račun BR 9911'}
2024-06-28 14:09:04,635 ERROR [JavaFX Application Thread] j.p.u.JavaFxUtils [JavaFxUtils.java:47] Invalid format for type java.math.BigDecimal: [null]
2024-06-28 14:09:04,635 ERROR [JavaFX Application Thread] j.p.u.JavaFxUtils [JavaFxUtils.java:47] Invalid format for type java.math.BigDecimal: [null]
2024-06-28 14:09:04,637 INFO [JavaFX Application Thread] a.p.u.DatabaseUtils [DatabaseUtils.java:122] prep53: SELECT * FROM TRANSACTION WHERE 1=1 AND AMOUNT BETWEEN ? AND ? AND PROJECT_ID = ?
2024-06-28 14:09:04,637 INFO [JavaFX Application Thread] a.p.u.DatabaseUtils [DatabaseUtils.java:137] rs73: columns: 7 rows: 3 pos: -1
2024-06-28 14:09:04,650 INFO [JavaFX Application Thread] a.p.u.DatabaseUtils [DatabaseUtils.java:139] Transaction{transactionType=INCOME, amount=500.00, description='Donacija od lokalne zajednice', date=2023-02-28, project=Projektiranje novog stambenog bloka, id=5, name='Donacija'} Entity{id=5, name='Donacija'}
2024-06-28 14:09:04,651 INFO [JavaFX Application Thread] a.p.u.DatabaseUtils [DatabaseUtils.java:139] Transaction{transactionType=EXPENSE, amount=8000.00, description='Mjesečna najamnina za ured', date=2023-02-05, project=Projektiranje novog stambenog bloka, id=6, name='Najam ureda'} Entity{id=6, name='Najam ureda'}
2024-06-28 14:09:04,651 INFO [JavaFX Application Thread] a.p.u.DatabaseUtils [DatabaseUtils.java:139] Transaction{transactionType=EXPENSE, amount=1200.00, description='Godišnja obnova softverskih licenci', date=2023-02-20, project=Projektiranje novog stambenog bloka, id=9, name='Softverske licence'} Entity{id=9, name='Softverske licence'}
2024-06-28 14:09:13,266 ERROR [JavaFX Application Thread] j.p.u.JavaFxUtils [JavaFxUtils.java:47] Invalid format for type java.math.BigDecimal: [null]
2024-06-28 14:09:13,266 ERROR [JavaFX Application Thread] j.p.u.JavaFxUtils [JavaFxUtils.java:47] Invalid format for type java.math.BigDecimal: [null]
2024-06-28 14:09:13,268 INFO [JavaFX Application Thread] a.p.u.DatabaseUtils [DatabaseUtils.java:122] prep60: SELECT * FROM TRANSACTION WHERE 1=1 AND AMOUNT BETWEEN ? AND ? AND PROJECT_ID = ?
2024-06-28 14:09:13,269 INFO [JavaFX Application Thread] a.p.u.DatabaseUtils [DatabaseUtils.java:137] rs97: columns: 7 rows: 5 pos: -1
2024-06-28 14:09:13,294 INFO [JavaFX Application Thread] a.p.u.DatabaseUtils [DatabaseUtils.java:139] Transaction{transactionType=INCOME, amount=15000.00, description='Honorar za projektni zadatak', date=2023-02-01, project=Izgradnja poslovnog centra, id=1, name='Projektni honorar'} Entity{id=1, name='Projektni honorar'}
2024-06-28 14:09:13,294 INFO [JavaFX Application Thread] a.p.u.DatabaseUtils [DatabaseUtils.java:139] Transaction{transactionType=INCOME, amount=5000.00, description='Plaćanje za konsultantske usluge', date=2023-02-15, project=Izgradnja poslovnog centra, id=2, name='Konsultantske usluge'} Entity{id=2, name='Konsultantske usluge'}
2024-06-28 14:09:13,294 INFO [JavaFX Application Thread] a.p.u.DatabaseUtils [DatabaseUtils.java:139] Transaction{transactionType=EXPENSE, amount=1500.00, description='Mjesečni troškovi režija', date=2023-02-10, project=Izgradnja poslovnog centra, id=7, name='Režije'} Entity{id=7, name='Režije'}
2024-06-28 14:09:13,294 INFO [JavaFX Application Thread] a.p.u.DatabaseUtils [DatabaseUtils.java:139] Transaction{transactionType=EXPENSE, amount=500.00, description='Ručak sa klijentima', date=2023-02-25, project=Izgradnja poslovnog centra, id=10, name='Poslovni ručak'} Entity{id=10, name='Poslovni ručak'}
2024-06-28 14:09:13,294 INFO [JavaFX Application Thread] a.p.u.DatabaseUtils [DatabaseUtils.java:139] Transaction{transactionType=EXPENSE, amount=8000.00, description='Trošak sudskih troškova', date=2024-06-28, project=Izgradnja poslovnog centra, id=12, name='Račun BR 9911'} Entity{id=12, name='Račun BR 9911'}
2024-06-28 14:09:16,745 ERROR [JavaFX Application Thread] j.p.u.JavaFxUtils [JavaFxUtils.java:47] Invalid format for type java.math.BigDecimal: [null]
2024-06-28 14:09:16,746 ERROR [JavaFX Application Thread] j.p.u.JavaFxUtils [JavaFxUtils.java:47] Invalid format for type java.math.BigDecimal: [null]
2024-06-28 14:09:16,749 INFO [JavaFX Application Thread] a.p.u.DatabaseUtils [DatabaseUtils.java:122] prep71: SELECT * FROM TRANSACTION WHERE 1=1 AND TRANSACTION_TYPE = ? AND AMOUNT BETWEEN ? AND ? AND PROJECT_ID = ?
2024-06-28 14:09:16,749 INFO [JavaFX Application Thread] a.p.u.DatabaseUtils [DatabaseUtils.java:137] rs115: columns: 7 rows: 2 pos: -1
2024-06-28 14:09:16,758 INFO [JavaFX Application Thread] a.p.u.DatabaseUtils [DatabaseUtils.java:139] Transaction{transactionType=INCOME, amount=15000.00, description='Honorar za projektni zadatak', date=2023-02-01, project=Izgradnja poslovnog centra, id=1, name='Projektni honorar'} Entity{id=1, name='Projektni honorar'}
2024-06-28 14:09:16,758 INFO [JavaFX Application Thread] a.p.u.DatabaseUtils [DatabaseUtils.java:139] Transaction{transactionType=INCOME, amount=5000.00, description='Plaćanje za konsultantske usluge', date=2023-02-15, project=Izgradnja poslovnog centra, id=2, name='Konsultantske usluge'} Entity{id=2, name='Konsultantske usluge'}
2024-06-28 14:09:20,846 ERROR [JavaFX Application Thread] j.p.u.JavaFxUtils [JavaFxUtils.java:47] Invalid format for type java.math.BigDecimal: [null]
2024-06-28 14:09:20,846 ERROR [JavaFX Application Thread] j.p.u.JavaFxUtils [JavaFxUtils.java:47] Invalid format for type java.math.BigDecimal: [null]
2024-06-28 14:09:20,849 INFO [JavaFX Application Thread] a.p.u.DatabaseUtils [DatabaseUtils.java:122] prep76: SELECT * FROM TRANSACTION WHERE 1=1 AND AMOUNT BETWEEN ? AND ? AND PROJECT_ID = ?
2024-06-28 14:09:20,850 INFO [JavaFX Application Thread] a.p.u.DatabaseUtils [DatabaseUtils.java:137] rs128: columns: 7 rows: 5 pos: -1
2024-06-28 14:09:20,868 INFO [JavaFX Application Thread] a.p.u.DatabaseUtils [DatabaseUtils.java:139] Transaction{transactionType=INCOME, amount=15000.00, description='Honorar za projektni zadatak', date=2023-02-01, project=Izgradnja poslovnog centra, id=1, name='Projektni honorar'} Entity{id=1, name='Projektni honorar'}
2024-06-28 14:09:20,869 INFO [JavaFX Application Thread] a.p.u.DatabaseUtils [DatabaseUtils.java:139] Transaction{transactionType=INCOME, amount=5000.00, description='Plaćanje za konsultantske usluge', date=2023-02-15, project=Izgradnja poslovnog centra, id=2, name='Konsultantske usluge'} Entity{id=2, name='Konsultantske usluge'}
2024-06-28 14:09:20,869 INFO [JavaFX Application Thread] a.p.u.DatabaseUtils [DatabaseUtils.java:139] Transaction{transactionType=EXPENSE, amount=1500.00, description='Mjesečni troškovi režija', date=2023-02-10, project=Izgradnja poslovnog centra, id=7, name='Režije'} Entity{id=7, name='Režije'}
2024-06-28 14:09:20,869 INFO [JavaFX Application Thread] a.p.u.DatabaseUtils [DatabaseUtils.java:139] Transaction{transactionType=EXPENSE, amount=500.00, description='Ručak sa klijentima', date=2023-02-25, project=Izgradnja poslovnog centra, id=10, name='Poslovni ručak'} Entity{id=10, name='Poslovni ručak'}
2024-06-28 14:09:20,869 INFO [JavaFX Application Thread] a.p.u.DatabaseUtils [DatabaseUtils.java:139] Transaction{transactionType=EXPENSE, amount=8000.00, description='Trošak sudskih troškova', date=2024-06-28, project=Izgradnja poslovnog centra, id=12, name='Račun BR 9911'} Entity{id=12, name='Račun BR 9911'}
2024-06-28 14:09:22,390 ERROR [JavaFX Application Thread] j.p.u.JavaFxUtils [JavaFxUtils.java:47] Invalid format for type java.math.BigDecimal: [null]
2024-06-28 14:09:22,390 ERROR [JavaFX Application Thread] j.p.u.JavaFxUtils [JavaFxUtils.java:47] Invalid format for type java.math.BigDecimal: [null]
2024-06-28 14:09:22,392 INFO [JavaFX Application Thread] a.p.u.DatabaseUtils [DatabaseUtils.java:122] prep87: SELECT * FROM TRANSACTION WHERE 1=1 AND AMOUNT BETWEEN ? AND ?
2024-06-28 14:09:22,393 INFO [JavaFX Application Thread] a.p.u.DatabaseUtils [DatabaseUtils.java:137] rs142: columns: 7 rows: 11 pos: -1
2024-06-28 14:09:22,432 INFO [JavaFX Application Thread] a.p.u.DatabaseUtils [DatabaseUtils.java:139] Transaction{transactionType=INCOME, amount=15000.00, description='Honorar za projektni zadatak', date=2023-02-01, project=Izgradnja poslovnog centra, id=1, name='Projektni honorar'} Entity{id=1, name='Projektni honorar'}
2024-06-28 14:09:22,433 INFO [JavaFX Application Thread] a.p.u.DatabaseUtils [DatabaseUtils.java:139] Transaction{transactionType=INCOME, amount=5000.00, description='Plaćanje za konsultantske usluge', date=2023-02-15, project=Izgradnja poslovnog centra, id=2, name='Konsultantske usluge'} Entity{id=2, name='Konsultantske usluge'}
2024-06-28 14:09:22,433 INFO [JavaFX Application Thread] a.p.u.DatabaseUtils [DatabaseUtils.java:139] Transaction{transactionType=INCOME, amount=2000.00, description='Prihod od prodaje nacrta', date=2023-02-20, project=Renovacija stare gradske kuće, id=3, name='Prodaja nacrta'} Entity{id=3, name='Prodaja nacrta'}
2024-06-28 14:09:22,433 INFO [JavaFX Application Thread] a.p.u.DatabaseUtils [DatabaseUtils.java:139] Transaction{transactionType=INCOME, amount=10000.00, description='Državna subvencija za zeleno graditeljstvo', date=2023-02-25, project=Renovacija stare gradske kuće, id=4, name='Subvencija'} Entity{id=4, name='Subvencija'}
2024-06-28 14:09:22,433 INFO [JavaFX Application Thread] a.p.u.DatabaseUtils [DatabaseUtils.java:139] Transaction{transactionType=INCOME, amount=500.00, description='Donacija od lokalne zajednice', date=2023-02-28, project=Projektiranje novog stambenog bloka, id=5, name='Donacija'} Entity{id=5, name='Donacija'}
2024-06-28 14:09:22,433 INFO [JavaFX Application Thread] a.p.u.DatabaseUtils [DatabaseUtils.java:139] Transaction{transactionType=EXPENSE, amount=8000.00, description='Mjesečna najamnina za ured', date=2023-02-05, project=Projektiranje novog stambenog bloka, id=6, name='Najam ureda'} Entity{id=6, name='Najam ureda'}
2024-06-28 14:09:22,433 INFO [JavaFX Application Thread] a.p.u.DatabaseUtils [DatabaseUtils.java:139] Transaction{transactionType=EXPENSE, amount=1500.00, description='Mjesečni troškovi režija', date=2023-02-10, project=Izgradnja poslovnog centra, id=7, name='Režije'} Entity{id=7, name='Režije'}
2024-06-28 14:09:22,433 INFO [JavaFX Application Thread] a.p.u.DatabaseUtils [DatabaseUtils.java:139] Transaction{transactionType=EXPENSE, amount=3000.00, description='Nabava materijala za maketu', date=2023-02-15, project=Renovacija stare gradske kuće, id=8, name='Nabava materijala'} Entity{id=8, name='Nabava materijala'}
2024-06-28 14:09:22,433 INFO [JavaFX Application Thread] a.p.u.DatabaseUtils [DatabaseUtils.java:139] Transaction{transactionType=EXPENSE, amount=1200.00, description='Godišnja obnova softverskih licenci', date=2023-02-20, project=Projektiranje novog stambenog bloka, id=9, name='Softverske licence'} Entity{id=9, name='Softverske licence'}
2024-06-28 14:09:22,433 INFO [JavaFX Application Thread] a.p.u.DatabaseUtils [DatabaseUtils.java:139] Transaction{transactionType=EXPENSE, amount=500.00, description='Ručak sa klijentima', date=2023-02-25, project=Izgradnja poslovnog centra, id=10, name='Poslovni ručak'} Entity{id=10, name='Poslovni ručak'}
2024-06-28 14:09:22,434 INFO [JavaFX Application Thread] a.p.u.DatabaseUtils [DatabaseUtils.java:139] Transaction{transactionType=EXPENSE, amount=8000.00, description='Trošak sudskih troškova', date=2024-06-28, project=Izgradnja poslovnog centra, id=12, name='Račun BR 9911'} Entity{id=12, name='Račun BR 9911'}
2024-06-28 14:09:29,910 INFO [JavaFX Application Thread] j.p.l.LayoutController [LayoutController.java:109] Showing project search screen
2024-06-28 14:09:44,719 INFO [JavaFX Application Thread] j.p.l.LayoutController [LayoutController.java:68] Showing transaction search screen
2024-06-28 14:09:44,798 INFO [JavaFX Application Thread] a.p.u.DatabaseUtils [DatabaseUtils.java:122] prep185: SELECT * FROM TRANSACTION WHERE 1=1 AND AMOUNT BETWEEN ? AND ?
2024-06-28 14:09:44,799 INFO [JavaFX Application Thread] a.p.u.DatabaseUtils [DatabaseUtils.java:137] rs303: columns: 7 rows: 11 pos: -1
2024-06-28 14:09:44,837 INFO [JavaFX Application Thread] a.p.u.DatabaseUtils [DatabaseUtils.java:139] Transaction{transactionType=INCOME, amount=15000.00, description='Honorar za projektni zadatak', date=2023-02-01, project=Izgradnja poslovnog centra, id=1, name='Projektni honorar'} Entity{id=1, name='Projektni honorar'}
2024-06-28 14:09:44,837 INFO [JavaFX Application Thread] a.p.u.DatabaseUtils [DatabaseUtils.java:139] Transaction{transactionType=INCOME, amount=5000.00, description='Plaćanje za konsultantske usluge', date=2023-02-15, project=Izgradnja poslovnog centra, id=2, name='Konsultantske usluge'} Entity{id=2, name='Konsultantske usluge'}
2024-06-28 14:09:44,837 INFO [JavaFX Application Thread] a.p.u.DatabaseUtils [DatabaseUtils.java:139] Transaction{transactionType=INCOME, amount=2000.00, description='Prihod od prodaje nacrta', date=2023-02-20, project=Renovacija stare gradske kuće, id=3, name='Prodaja nacrta'} Entity{id=3, name='Prodaja nacrta'}
2024-06-28 14:09:44,837 INFO [JavaFX Application Thread] a.p.u.DatabaseUtils [DatabaseUtils.java:139] Transaction{transactionType=INCOME, amount=10000.00, description='Državna subvencija za zeleno graditeljstvo', date=2023-02-25, project=Renovacija stare gradske kuće, id=4, name='Subvencija'} Entity{id=4, name='Subvencija'}
2024-06-28 14:09:44,837 INFO [JavaFX Application Thread] a.p.u.DatabaseUtils [DatabaseUtils.java:139] Transaction{transactionType=INCOME, amount=500.00, description='Donacija od lokalne zajednice', date=2023-02-28, project=Projektiranje novog stambenog bloka, id=5, name='Donacija'} Entity{id=5, name='Donacija'}
2024-06-28 14:09:44,838 INFO [JavaFX Application Thread] a.p.u.DatabaseUtils [DatabaseUtils.java:139] Transaction{transactionType=EXPENSE, amount=8000.00, description='Mjesečna najamnina za ured', date=2023-02-05, project=Projektiranje novog stambenog bloka, id=6, name='Najam ureda'} Entity{id=6, name='Najam ureda'}
2024-06-28 14:09:44,838 INFO [JavaFX Application Thread] a.p.u.DatabaseUtils [DatabaseUtils.java:139] Transaction{transactionType=EXPENSE, amount=1500.00, description='Mjesečni troškovi režija', date=2023-02-10, project=Izgradnja poslovnog centra, id=7, name='Režije'} Entity{id=7, name='Režije'}
2024-06-28 14:09:44,838 INFO [JavaFX Application Thread] a.p.u.DatabaseUtils [DatabaseUtils.java:139] Transaction{transactionType=EXPENSE, amount=3000.00, description='Nabava materijala za maketu', date=2023-02-15, project=Renovacija stare gradske kuće, id=8, name='Nabava materijala'} Entity{id=8, name='Nabava materijala'}
2024-06-28 14:09:44,838 INFO [JavaFX Application Thread] a.p.u.DatabaseUtils [DatabaseUtils.java:139] Transaction{transactionType=EXPENSE, amount=1200.00, description='Godišnja obnova softverskih licenci', date=2023-02-20, project=Projektiranje novog stambenog bloka, id=9, name='Softverske licence'} Entity{id=9, name='Softverske licence'}
2024-06-28 14:09:44,838 INFO [JavaFX Application Thread] a.p.u.DatabaseUtils [DatabaseUtils.java:139] Transaction{transactionType=EXPENSE, amount=500.00, description='Ručak sa klijentima', date=2023-02-25, project=Izgradnja poslovnog centra, id=10, name='Poslovni ručak'} Entity{id=10, name='Poslovni ručak'}
2024-06-28 14:09:44,838 INFO [JavaFX Application Thread] a.p.u.DatabaseUtils [DatabaseUtils.java:139] Transaction{transactionType=EXPENSE, amount=8000.00, description='Trošak sudskih troškova', date=2024-06-28, project=Izgradnja poslovnog centra, id=12, name='Račun BR 9911'} Entity{id=12, name='Račun BR 9911'}
2024-06-28 14:09:47,644 INFO [JavaFX Application Thread] j.p.l.LayoutController [LayoutController.java:54] Showing transaction add screen
2024-06-28 14:10:27,550 INFO [JavaFX Application Thread] a.p.u.DatabaseUtils [DatabaseUtils.java:40] Transaction saved successfully.
2024-06-28 14:10:30,695 INFO [JavaFX Application Thread] j.p.l.LayoutController [LayoutController.java:68] Showing transaction search screen
2024-06-28 14:10:30,769 INFO [JavaFX Application Thread] a.p.u.DatabaseUtils [DatabaseUtils.java:122] prep271: SELECT * FROM TRANSACTION WHERE 1=1 AND AMOUNT BETWEEN ? AND ?
2024-06-28 14:10:30,769 INFO [JavaFX Application Thread] a.p.u.DatabaseUtils [DatabaseUtils.java:137] rs618: columns: 7 rows: 12 pos: -1
2024-06-28 14:10:30,811 INFO [JavaFX Application Thread] a.p.u.DatabaseUtils [DatabaseUtils.java:139] Transaction{transactionType=INCOME, amount=15000.00, description='Honorar za projektni zadatak', date=2023-02-01, project=Izgradnja poslovnog centra, id=1, name='Projektni honorar'} Entity{id=1, name='Projektni honorar'}
2024-06-28 14:10:30,812 INFO [JavaFX Application Thread] a.p.u.DatabaseUtils [DatabaseUtils.java:139] Transaction{transactionType=INCOME, amount=5000.00, description='Plaćanje za konsultantske usluge', date=2023-02-15, project=Izgradnja poslovnog centra, id=2, name='Konsultantske usluge'} Entity{id=2, name='Konsultantske usluge'}
2024-06-28 14:10:30,812 INFO [JavaFX Application Thread] a.p.u.DatabaseUtils [DatabaseUtils.java:139] Transaction{transactionType=INCOME, amount=2000.00, description='Prihod od prodaje nacrta', date=2023-02-20, project=Renovacija stare gradske kuće, id=3, name='Prodaja nacrta'} Entity{id=3, name='Prodaja nacrta'}
2024-06-28 14:10:30,813 INFO [JavaFX Application Thread] a.p.u.DatabaseUtils [DatabaseUtils.java:139] Transaction{transactionType=INCOME, amount=10000.00, description='Državna subvencija za zeleno graditeljstvo', date=2023-02-25, project=Renovacija stare gradske kuće, id=4, name='Subvencija'} Entity{id=4, name='Subvencija'}
2024-06-28 14:10:30,813 INFO [JavaFX Application Thread] a.p.u.DatabaseUtils [DatabaseUtils.java:139] Transaction{transactionType=INCOME, amount=500.00, description='Donacija od lokalne zajednice', date=2023-02-28, project=Projektiranje novog stambenog bloka, id=5, name='Donacija'} Entity{id=5, name='Donacija'}
2024-06-28 14:10:30,813 INFO [JavaFX Application Thread] a.p.u.DatabaseUtils [DatabaseUtils.java:139] Transaction{transactionType=EXPENSE, amount=8000.00, description='Mjesečna najamnina za ured', date=2023-02-05, project=Projektiranje novog stambenog bloka, id=6, name='Najam ureda'} Entity{id=6, name='Najam ureda'}
2024-06-28 14:10:30,813 INFO [JavaFX Application Thread] a.p.u.DatabaseUtils [DatabaseUtils.java:139] Transaction{transactionType=EXPENSE, amount=1500.00, description='Mjesečni troškovi režija', date=2023-02-10, project=Izgradnja poslovnog centra, id=7, name='Režije'} Entity{id=7, name='Režije'}
2024-06-28 14:10:30,813 INFO [JavaFX Application Thread] a.p.u.DatabaseUtils [DatabaseUtils.java:139] Transaction{transactionType=EXPENSE, amount=3000.00, description='Nabava materijala za maketu', date=2023-02-15, project=Renovacija stare gradske kuće, id=8, name='Nabava materijala'} Entity{id=8, name='Nabava materijala'}
2024-06-28 14:10:30,813 INFO [JavaFX Application Thread] a.p.u.DatabaseUtils [DatabaseUtils.java:139] Transaction{transactionType=EXPENSE, amount=1200.00, description='Godišnja obnova softverskih licenci', date=2023-02-20, project=Projektiranje novog stambenog bloka, id=9, name='Softverske licence'} Entity{id=9, name='Softverske licence'}
2024-06-28 14:10:30,813 INFO [JavaFX Application Thread] a.p.u.DatabaseUtils [DatabaseUtils.java:139] Transaction{transactionType=EXPENSE, amount=500.00, description='Ručak sa klijentima', date=2023-02-25, project=Izgradnja poslovnog centra, id=10, name='Poslovni ručak'} Entity{id=10, name='Poslovni ručak'}
2024-06-28 14:10:30,813 INFO [JavaFX Application Thread] a.p.u.DatabaseUtils [DatabaseUtils.java:139] Transaction{transactionType=EXPENSE, amount=8000.00, description='Trošak sudskih troškova', date=2024-06-28, project=Izgradnja poslovnog centra, id=12, name='Račun BR 9911'} Entity{id=12, name='Račun BR 9911'}
2024-06-28 14:10:30,814 INFO [JavaFX Application Thread] a.p.u.DatabaseUtils [DatabaseUtils.java:139] Transaction{transactionType=EXPENSE, amount=300.00, description='Troškovi javnog bilježnika', date=2024-06-28, project=Neboder u Sesvetama, id=13, name='Račun br a426v'} Entity{id=13, name='Račun br a426v'}
2024-06-28 14:10:36,654 ERROR [JavaFX Application Thread] j.p.u.JavaFxUtils [JavaFxUtils.java:47] Invalid format for type java.math.BigDecimal: [null]
2024-06-28 14:10:36,654 ERROR [JavaFX Application Thread] j.p.u.JavaFxUtils [JavaFxUtils.java:47] Invalid format for type java.math.BigDecimal: [null]
2024-06-28 14:10:36,656 INFO [JavaFX Application Thread] a.p.u.DatabaseUtils [DatabaseUtils.java:122] prep296: SELECT * FROM TRANSACTION WHERE 1=1 AND AMOUNT BETWEEN ? AND ? AND PROJECT_ID = ?
2024-06-28 14:10:36,657 INFO [JavaFX Application Thread] a.p.u.DatabaseUtils [DatabaseUtils.java:137] rs677: columns: 7 rows: 1 pos: -1
2024-06-28 14:10:36,660 INFO [JavaFX Application Thread] a.p.u.DatabaseUtils [DatabaseUtils.java:139] Transaction{transactionType=EXPENSE, amount=300.00, description='Troškovi javnog bilježnika', date=2024-06-28, project=Neboder u Sesvetama, id=13, name='Račun br a426v'} Entity{id=13, name='Račun br a426v'}
2024-06-28 14:10:43,516 ERROR [JavaFX Application Thread] j.p.u.JavaFxUtils [JavaFxUtils.java:47] Invalid format for type java.math.BigDecimal: [null]
2024-06-28 14:10:43,516 ERROR [JavaFX Application Thread] j.p.u.JavaFxUtils [JavaFxUtils.java:47] Invalid format for type java.math.BigDecimal: [null]
2024-06-28 14:10:43,518 INFO [JavaFX Application Thread] a.p.u.DatabaseUtils [DatabaseUtils.java:122] prep299: SELECT * FROM TRANSACTION WHERE 1=1 AND AMOUNT BETWEEN ? AND ?
2024-06-28 14:10:43,518 INFO [JavaFX Application Thread] a.p.u.DatabaseUtils [DatabaseUtils.java:137] rs722: columns: 7 rows: 12 pos: -1
2024-06-28 14:10:43,559 INFO [JavaFX Application Thread] a.p.u.DatabaseUtils [DatabaseUtils.java:139] Transaction{transactionType=INCOME, amount=15000.00, description='Honorar za projektni zadatak', date=2023-02-01, project=Izgradnja poslovnog centra, id=1, name='Projektni honorar'} Entity{id=1, name='Projektni honorar'}
2024-06-28 14:10:43,559 INFO [JavaFX Application Thread] a.p.u.DatabaseUtils [DatabaseUtils.java:139] Transaction{transactionType=INCOME, amount=5000.00, description='Plaćanje za konsultantske usluge', date=2023-02-15, project=Izgradnja poslovnog centra, id=2, name='Konsultantske usluge'} Entity{id=2, name='Konsultantske usluge'}
2024-06-28 14:10:43,559 INFO [JavaFX Application Thread] a.p.u.DatabaseUtils [DatabaseUtils.java:139] Transaction{transactionType=INCOME, amount=2000.00, description='Prihod od prodaje nacrta', date=2023-02-20, project=Renovacija stare gradske kuće, id=3, name='Prodaja nacrta'} Entity{id=3, name='Prodaja nacrta'}
2024-06-28 14:10:43,560 INFO [JavaFX Application Thread] a.p.u.DatabaseUtils [DatabaseUtils.java:139] Transaction{transactionType=INCOME, amount=10000.00, description='Državna subvencija za zeleno graditeljstvo', date=2023-02-25, project=Renovacija stare gradske kuće, id=4, name='Subvencija'} Entity{id=4, name='Subvencija'}
2024-06-28 14:10:43,560 INFO [JavaFX Application Thread] a.p.u.DatabaseUtils [DatabaseUtils.java:139] Transaction{transactionType=INCOME, amount=500.00, description='Donacija od lokalne zajednice', date=2023-02-28, project=Projektiranje novog stambenog bloka, id=5, name='Donacija'} Entity{id=5, name='Donacija'}
2024-06-28 14:10:43,560 INFO [JavaFX Application Thread] a.p.u.DatabaseUtils [DatabaseUtils.java:139] Transaction{transactionType=EXPENSE, amount=8000.00, description='Mjesečna najamnina za ured', date=2023-02-05, project=Projektiranje novog stambenog bloka, id=6, name='Najam ureda'} Entity{id=6, name='Najam ureda'}
2024-06-28 14:10:43,560 INFO [JavaFX Application Thread] a.p.u.DatabaseUtils [DatabaseUtils.java:139] Transaction{transactionType=EXPENSE, amount=1500.00, description='Mjesečni troškovi režija', date=2023-02-10, project=Izgradnja poslovnog centra, id=7, name='Režije'} Entity{id=7, name='Režije'}
2024-06-28 14:10:43,560 INFO [JavaFX Application Thread] a.p.u.DatabaseUtils [DatabaseUtils.java:139] Transaction{transactionType=EXPENSE, amount=3000.00, description='Nabava materijala za maketu', date=2023-02-15, project=Renovacija stare gradske kuće, id=8, name='Nabava materijala'} Entity{id=8, name='Nabava materijala'}
2024-06-28 14:10:43,560 INFO [JavaFX Application Thread] a.p.u.DatabaseUtils [DatabaseUtils.java:139] Transaction{transactionType=EXPENSE, amount=1200.00, description='Godišnja obnova softverskih licenci', date=2023-02-20, project=Projektiranje novog stambenog bloka, id=9, name='Softverske licence'} Entity{id=9, name='Softverske licence'}
2024-06-28 14:10:43,560 INFO [JavaFX Application Thread] a.p.u.DatabaseUtils [DatabaseUtils.java:139] Transaction{transactionType=EXPENSE, amount=500.00, description='Ručak sa klijentima', date=2023-02-25, project=Izgradnja poslovnog centra, id=10, name='Poslovni ručak'} Entity{id=10, name='Poslovni ručak'}
2024-06-28 14:10:43,560 INFO [JavaFX Application Thread] a.p.u.DatabaseUtils [DatabaseUtils.java:139] Transaction{transactionType=EXPENSE, amount=8000.00, description='Trošak sudskih troškova', date=2024-06-28, project=Izgradnja poslovnog centra, id=12, name='Račun BR 9911'} Entity{id=12, name='Račun BR 9911'}
2024-06-28 14:10:43,560 INFO [JavaFX Application Thread] a.p.u.DatabaseUtils [DatabaseUtils.java:139] Transaction{transactionType=EXPENSE, amount=300.00, description='Troškovi javnog bilježnika', date=2024-06-28, project=Neboder u Sesvetama, id=13, name='Račun br a426v'} Entity{id=13, name='Račun br a426v'}
2024-06-28 14:10:48,061 ERROR [JavaFX Application Thread] j.p.u.JavaFxUtils [JavaFxUtils.java:47] Invalid format for type java.math.BigDecimal: [null]
2024-06-28 14:10:48,062 ERROR [JavaFX Application Thread] j.p.u.JavaFxUtils [JavaFxUtils.java:47] Invalid format for type java.math.BigDecimal: [null]
2024-06-28 14:10:48,063 INFO [JavaFX Application Thread] a.p.u.DatabaseUtils [DatabaseUtils.java:122] prep324: SELECT * FROM TRANSACTION WHERE 1=1 AND AMOUNT BETWEEN ? AND ? AND PROJECT_ID = ?
2024-06-28 14:10:48,064 INFO [JavaFX Application Thread] a.p.u.DatabaseUtils [DatabaseUtils.java:137] rs775: columns: 7 rows: 3 pos: -1
2024-06-28 14:10:48,074 INFO [JavaFX Application Thread] a.p.u.DatabaseUtils [DatabaseUtils.java:139] Transaction{transactionType=INCOME, amount=2000.00, description='Prihod od prodaje nacrta', date=2023-02-20, project=Renovacija stare gradske kuće, id=3, name='Prodaja nacrta'} Entity{id=3, name='Prodaja nacrta'}
2024-06-28 14:10:48,074 INFO [JavaFX Application Thread] a.p.u.DatabaseUtils [DatabaseUtils.java:139] Transaction{transactionType=INCOME, amount=10000.00, description='Državna subvencija za zeleno graditeljstvo', date=2023-02-25, project=Renovacija stare gradske kuće, id=4, name='Subvencija'} Entity{id=4, name='Subvencija'}
2024-06-28 14:10:48,074 INFO [JavaFX Application Thread] a.p.u.DatabaseUtils [DatabaseUtils.java:139] Transaction{transactionType=EXPENSE, amount=3000.00, description='Nabava materijala za maketu', date=2023-02-15, project=Renovacija stare gradske kuće, id=8, name='Nabava materijala'} Entity{id=8, name='Nabava materijala'}
2024-06-28 14:10:54,381 ERROR [JavaFX Application Thread] j.p.u.JavaFxUtils [JavaFxUtils.java:47] Invalid format for type java.math.BigDecimal: [null]
2024-06-28 14:10:54,383 INFO [JavaFX Application Thread] a.p.u.DatabaseUtils [DatabaseUtils.java:122] prep331: SELECT * FROM TRANSACTION WHERE 1=1 AND AMOUNT BETWEEN ? AND ? AND PROJECT_ID = ?
2024-06-28 14:10:54,384 INFO [JavaFX Application Thread] a.p.u.DatabaseUtils [DatabaseUtils.java:137] rs819: columns: 7 rows: 2 pos: -1
2024-06-28 14:10:54,390 INFO [JavaFX Application Thread] a.p.u.DatabaseUtils [DatabaseUtils.java:139] Transaction{transactionType=INCOME, amount=10000.00, description='Državna subvencija za zeleno graditeljstvo', date=2023-02-25, project=Renovacija stare gradske kuće, id=4, name='Subvencija'} Entity{id=4, name='Subvencija'}
2024-06-28 14:10:54,391 INFO [JavaFX Application Thread] a.p.u.DatabaseUtils [DatabaseUtils.java:139] Transaction{transactionType=EXPENSE, amount=3000.00, description='Nabava materijala za maketu', date=2023-02-15, project=Renovacija stare gradske kuće, id=8, name='Nabava materijala'} Entity{id=8, name='Nabava materijala'}
2024-06-28 14:10:57,955 ERROR [JavaFX Application Thread] j.p.u.JavaFxUtils [JavaFxUtils.java:47] Invalid format for type java.math.BigDecimal: [null]
2024-06-28 14:10:57,957 INFO [JavaFX Application Thread] a.p.u.DatabaseUtils [DatabaseUtils.java:122] prep336: SELECT * FROM TRANSACTION WHERE 1=1 AND AMOUNT BETWEEN ? AND ?
2024-06-28 14:10:57,957 INFO [JavaFX Application Thread] a.p.u.DatabaseUtils [DatabaseUtils.java:137] rs847: columns: 7 rows: 6 pos: -1
2024-06-28 14:10:57,978 INFO [JavaFX Application Thread] a.p.u.DatabaseUtils [DatabaseUtils.java:139] Transaction{transactionType=INCOME, amount=15000.00, description='Honorar za projektni zadatak', date=2023-02-01, project=Izgradnja poslovnog centra, id=1, name='Projektni honorar'} Entity{id=1, name='Projektni honorar'}
2024-06-28 14:10:57,978 INFO [JavaFX Application Thread] a.p.u.DatabaseUtils [DatabaseUtils.java:139] Transaction{transactionType=INCOME, amount=5000.00, description='Plaćanje za konsultantske usluge', date=2023-02-15, project=Izgradnja poslovnog centra, id=2, name='Konsultantske usluge'} Entity{id=2, name='Konsultantske usluge'}
2024-06-28 14:10:57,978 INFO [JavaFX Application Thread] a.p.u.DatabaseUtils [DatabaseUtils.java:139] Transaction{transactionType=INCOME, amount=10000.00, description='Državna subvencija za zeleno graditeljstvo', date=2023-02-25, project=Renovacija stare gradske kuće, id=4, name='Subvencija'} Entity{id=4, name='Subvencija'}
2024-06-28 14:10:57,978 INFO [JavaFX Application Thread] a.p.u.DatabaseUtils [DatabaseUtils.java:139] Transaction{transactionType=EXPENSE, amount=8000.00, description='Mjesečna najamnina za ured', date=2023-02-05, project=Projektiranje novog stambenog bloka, id=6, name='Najam ureda'} Entity{id=6, name='Najam ureda'}
2024-06-28 14:10:57,978 INFO [JavaFX Application Thread] a.p.u.DatabaseUtils [DatabaseUtils.java:139] Transaction{transactionType=EXPENSE, amount=3000.00, description='Nabava materijala za maketu', date=2023-02-15, project=Renovacija stare gradske kuće, id=8, name='Nabava materijala'} Entity{id=8, name='Nabava materijala'}
2024-06-28 14:10:57,978 INFO [JavaFX Application Thread] a.p.u.DatabaseUtils [DatabaseUtils.java:139] Transaction{transactionType=EXPENSE, amount=8000.00, description='Trošak sudskih troškova', date=2024-06-28, project=Izgradnja poslovnog centra, id=12, name='Račun BR 9911'} Entity{id=12, name='Račun BR 9911'}
2024-06-28 14:11:01,690 ERROR [JavaFX Application Thread] j.p.u.JavaFxUtils [JavaFxUtils.java:47] Invalid format for type java.math.BigDecimal: [null]
2024-06-28 14:11:01,690 ERROR [JavaFX Application Thread] j.p.u.JavaFxUtils [JavaFxUtils.java:47] Invalid format for type java.math.BigDecimal: [null]
2024-06-28 14:11:01,692 INFO [JavaFX Application Thread] a.p.u.DatabaseUtils [DatabaseUtils.java:122] prep349: SELECT * FROM TRANSACTION WHERE 1=1 AND AMOUNT BETWEEN ? AND ?
2024-06-28 14:11:01,692 INFO [JavaFX Application Thread] a.p.u.DatabaseUtils [DatabaseUtils.java:137] rs880: columns: 7 rows: 12 pos: -1
2024-06-28 14:11:01,728 INFO [JavaFX Application Thread] a.p.u.DatabaseUtils [DatabaseUtils.java:139] Transaction{transactionType=INCOME, amount=15000.00, description='Honorar za projektni zadatak', date=2023-02-01, project=Izgradnja poslovnog centra, id=1, name='Projektni honorar'} Entity{id=1, name='Projektni honorar'}
2024-06-28 14:11:01,728 INFO [JavaFX Application Thread] a.p.u.DatabaseUtils [DatabaseUtils.java:139] Transaction{transactionType=INCOME, amount=5000.00, description='Plaćanje za konsultantske usluge', date=2023-02-15, project=Izgradnja poslovnog centra, id=2, name='Konsultantske usluge'} Entity{id=2, name='Konsultantske usluge'}
2024-06-28 14:11:01,728 INFO [JavaFX Application Thread] a.p.u.DatabaseUtils [DatabaseUtils.java:139] Transaction{transactionType=INCOME, amount=2000.00, description='Prihod od prodaje nacrta', date=2023-02-20, project=Renovacija stare gradske kuće, id=3, name='Prodaja nacrta'} Entity{id=3, name='Prodaja nacrta'}
2024-06-28 14:11:01,728 INFO [JavaFX Application Thread] a.p.u.DatabaseUtils [DatabaseUtils.java:139] Transaction{transactionType=INCOME, amount=10000.00, description='Državna subvencija za zeleno graditeljstvo', date=2023-02-25, project=Renovacija stare gradske kuće, id=4, name='Subvencija'} Entity{id=4, name='Subvencija'}
2024-06-28 14:11:01,728 INFO [JavaFX Application Thread] a.p.u.DatabaseUtils [DatabaseUtils.java:139] Transaction{transactionType=INCOME, amount=500.00, description='Donacija od lokalne zajednice', date=2023-02-28, project=Projektiranje novog stambenog bloka, id=5, name='Donacija'} Entity{id=5, name='Donacija'}
2024-06-28 14:11:01,728 INFO [JavaFX Application Thread] a.p.u.DatabaseUtils [DatabaseUtils.java:139] Transaction{transactionType=EXPENSE, amount=8000.00, description='Mjesečna najamnina za ured', date=2023-02-05, project=Projektiranje novog stambenog bloka, id=6, name='Najam ureda'} Entity{id=6, name='Najam ureda'}
2024-06-28 14:11:01,729 INFO [JavaFX Application Thread] a.p.u.DatabaseUtils [DatabaseUtils.java:139] Transaction{transactionType=EXPENSE, amount=1500.00, description='Mjesečni troškovi režija', date=2023-02-10, project=Izgradnja poslovnog centra, id=7, name='Režije'} Entity{id=7, name='Režije'}
2024-06-28 14:11:01,729 INFO [JavaFX Application Thread] a.p.u.DatabaseUtils [DatabaseUtils.java:139] Transaction{transactionType=EXPENSE, amount=3000.00, description='Nabava materijala za maketu', date=2023-02-15, project=Renovacija stare gradske kuće, id=8, name='Nabava materijala'} Entity{id=8, name='Nabava materijala'}
2024-06-28 14:11:01,729 INFO [JavaFX Application Thread] a.p.u.DatabaseUtils [DatabaseUtils.java:139] Transaction{transactionType=EXPENSE, amount=1200.00, description='Godišnja obnova softverskih licenci', date=2023-02-20, project=Projektiranje novog stambenog bloka, id=9, name='Softverske licence'} Entity{id=9, name='Softverske licence'}
2024-06-28 14:11:01,729 INFO [JavaFX Application Thread] a.p.u.DatabaseUtils [DatabaseUtils.java:139] Transaction{transactionType=EXPENSE, amount=500.00, description='Ručak sa klijentima', date=2023-02-25, project=Izgradnja poslovnog centra, id=10, name='Poslovni ručak'} Entity{id=10, name='Poslovni ručak'}
2024-06-28 14:11:01,729 INFO [JavaFX Application Thread] a.p.u.DatabaseUtils [DatabaseUtils.java:139] Transaction{transactionType=EXPENSE, amount=8000.00, description='Trošak sudskih troškova', date=2024-06-28, project=Izgradnja poslovnog centra, id=12, name='Račun BR 9911'} Entity{id=12, name='Račun BR 9911'}
2024-06-28 14:11:01,729 INFO [JavaFX Application Thread] a.p.u.DatabaseUtils [DatabaseUtils.java:139] Transaction{transactionType=EXPENSE, amount=300.00, description='Troškovi javnog bilježnika', date=2024-06-28, project=Neboder u Sesvetama, id=13, name='Račun br a426v'} Entity{id=13, name='Račun br a426v'}
2024-06-28 14:11:09,796 ERROR [JavaFX Application Thread] j.p.u.JavaFxUtils [JavaFxUtils.java:47] Invalid format for type java.math.BigDecimal: [null]
2024-06-28 14:11:09,796 ERROR [JavaFX Application Thread] j.p.u.JavaFxUtils [JavaFxUtils.java:47] Invalid format for type java.math.BigDecimal: [null]
2024-06-28 14:11:09,799 INFO [JavaFX Application Thread] a.p.u.DatabaseUtils [DatabaseUtils.java:122] prep374: SELECT * FROM TRANSACTION WHERE 1=1 AND LOWER(NAME) LIKE ? AND AMOUNT BETWEEN ? AND ?
2024-06-28 14:11:09,800 INFO [JavaFX Application Thread] a.p.u.DatabaseUtils [DatabaseUtils.java:137] rs953: columns: 7 rows: 2 pos: -1
2024-06-28 14:11:09,806 INFO [JavaFX Application Thread] a.p.u.DatabaseUtils [DatabaseUtils.java:139] Transaction{transactionType=EXPENSE, amount=8000.00, description='Trošak sudskih troškova', date=2024-06-28, project=Izgradnja poslovnog centra, id=12, name='Račun BR 9911'} Entity{id=12, name='Račun BR 9911'}
2024-06-28 14:11:09,807 INFO [JavaFX Application Thread] a.p.u.DatabaseUtils [DatabaseUtils.java:139] Transaction{transactionType=EXPENSE, amount=300.00, description='Troškovi javnog bilježnika', date=2024-06-28, project=Neboder u Sesvetama, id=13, name='Račun br a426v'} Entity{id=13, name='Račun br a426v'}
2024-06-28 14:11:23,063 ERROR [JavaFX Application Thread] j.p.u.JavaFxUtils [JavaFxUtils.java:47] Invalid format for type java.math.BigDecimal: [null]
2024-06-28 14:11:23,063 ERROR [JavaFX Application Thread] j.p.u.JavaFxUtils [JavaFxUtils.java:47] Invalid format for type java.math.BigDecimal: [null]
2024-06-28 14:11:23,065 INFO [JavaFX Application Thread] a.p.u.DatabaseUtils [DatabaseUtils.java:122] prep379: SELECT * FROM TRANSACTION WHERE 1=1 AND LOWER(NAME) LIKE ? AND TRANSACTION_TYPE = ? AND AMOUNT BETWEEN ? AND ?
2024-06-28 14:11:23,066 INFO [JavaFX Application Thread] a.p.u.DatabaseUtils [DatabaseUtils.java:137] rs1040: columns: 7 rows: 0 pos: -1
2024-06-28 14:11:26,723 ERROR [JavaFX Application Thread] j.p.u.JavaFxUtils [JavaFxUtils.java:47] Invalid format for type java.math.BigDecimal: [null]
2024-06-28 14:11:26,723 ERROR [JavaFX Application Thread] j.p.u.JavaFxUtils [JavaFxUtils.java:47] Invalid format for type java.math.BigDecimal: [null]
2024-06-28 14:11:26,725 INFO [JavaFX Application Thread] a.p.u.DatabaseUtils [DatabaseUtils.java:122] prep380: SELECT * FROM TRANSACTION WHERE 1=1 AND LOWER(NAME) LIKE ? AND TRANSACTION_TYPE = ? AND AMOUNT BETWEEN ? AND ?
2024-06-28 14:11:26,726 INFO [JavaFX Application Thread] a.p.u.DatabaseUtils [DatabaseUtils.java:137] rs1061: columns: 7 rows: 2 pos: -1
2024-06-28 14:11:26,732 INFO [JavaFX Application Thread] a.p.u.DatabaseUtils [DatabaseUtils.java:139] Transaction{transactionType=EXPENSE, amount=8000.00, description='Trošak sudskih troškova', date=2024-06-28, project=Izgradnja poslovnog centra, id=12, name='Račun BR 9911'} Entity{id=12, name='Račun BR 9911'}
2024-06-28 14:11:26,733 INFO [JavaFX Application Thread] a.p.u.DatabaseUtils [DatabaseUtils.java:139] Transaction{transactionType=EXPENSE, amount=300.00, description='Troškovi javnog bilježnika', date=2024-06-28, project=Neboder u Sesvetama, id=13, name='Račun br a426v'} Entity{id=13, name='Račun br a426v'}
2024-06-28 14:11:30,255 ERROR [JavaFX Application Thread] j.p.u.JavaFxUtils [JavaFxUtils.java:47] Invalid format for type java.math.BigDecimal: [null]
2024-06-28 14:11:30,255 ERROR [JavaFX Application Thread] j.p.u.JavaFxUtils [JavaFxUtils.java:47] Invalid format for type java.math.BigDecimal: [null]
2024-06-28 14:11:30,257 INFO [JavaFX Application Thread] a.p.u.DatabaseUtils [DatabaseUtils.java:122] prep385: SELECT * FROM TRANSACTION WHERE 1=1 AND LOWER(NAME) LIKE ? AND TRANSACTION_TYPE = ? AND AMOUNT BETWEEN ? AND ? AND PROJECT_ID = ?
2024-06-28 14:11:30,258 INFO [JavaFX Application Thread] a.p.u.DatabaseUtils [DatabaseUtils.java:137] rs1089: columns: 7 rows: 1 pos: -1
2024-06-28 14:11:30,261 INFO [JavaFX Application Thread] a.p.u.DatabaseUtils [DatabaseUtils.java:139] Transaction{transactionType=EXPENSE, amount=300.00, description='Troškovi javnog bilježnika', date=2024-06-28, project=Neboder u Sesvetama, id=13, name='Račun br a426v'} Entity{id=13, name='Račun br a426v'}
2024-06-28 14:11:35,501 INFO [JavaFX Application Thread] j.p.l.LayoutController [LayoutController.java:109] Showing project search screen
2024-06-28 14:12:14,002 INFO [JavaFX Application Thread] j.p.l.LayoutController [LayoutController.java:122] Showing project add screen
2024-06-28 14:12:16,588 ERROR [JavaFX Application Thread] j.p.p.ProjectAddController [ProjectAddController.java:61] Error while adding project: Please fill in all fields.
2024-06-28 14:12:42,196 INFO [JavaFX Application Thread] a.p.u.DatabaseUtils [DatabaseUtils.java:346] Project saved successfully.
2024-06-28 14:12:44,469 INFO [JavaFX Application Thread] j.p.l.LayoutController [LayoutController.java:109] Showing project search screen
2024-06-28 14:12:49,460 INFO [JavaFX Application Thread] j.p.l.LayoutController [LayoutController.java:68] Showing transaction search screen
2024-06-28 14:12:49,534 INFO [JavaFX Application Thread] a.p.u.DatabaseUtils [DatabaseUtils.java:122] prep492: SELECT * FROM TRANSACTION WHERE 1=1 AND AMOUNT BETWEEN ? AND ?
2024-06-28 14:12:49,535 INFO [JavaFX Application Thread] a.p.u.DatabaseUtils [DatabaseUtils.java:137] rs1780: columns: 7 rows: 12 pos: -1
2024-06-28 14:12:49,571 INFO [JavaFX Application Thread] a.p.u.DatabaseUtils [DatabaseUtils.java:139] Transaction{transactionType=INCOME, amount=15000.00, description='Honorar za projektni zadatak', date=2023-02-01, project=Izgradnja poslovnog centra, id=1, name='Projektni honorar'} Entity{id=1, name='Projektni honorar'}
2024-06-28 14:12:49,572 INFO [JavaFX Application Thread] a.p.u.DatabaseUtils [DatabaseUtils.java:139] Transaction{transactionType=INCOME, amount=5000.00, description='Plaćanje za konsultantske usluge', date=2023-02-15, project=Izgradnja poslovnog centra, id=2, name='Konsultantske usluge'} Entity{id=2, name='Konsultantske usluge'}
2024-06-28 14:12:49,572 INFO [JavaFX Application Thread] a.p.u.DatabaseUtils [DatabaseUtils.java:139] Transaction{transactionType=INCOME, amount=2000.00, description='Prihod od prodaje nacrta', date=2023-02-20, project=Renovacija stare gradske kuće, id=3, name='Prodaja nacrta'} Entity{id=3, name='Prodaja nacrta'}
2024-06-28 14:12:49,572 INFO [JavaFX Application Thread] a.p.u.DatabaseUtils [DatabaseUtils.java:139] Transaction{transactionType=INCOME, amount=10000.00, description='Državna subvencija za zeleno graditeljstvo', date=2023-02-25, project=Renovacija stare gradske kuće, id=4, name='Subvencija'} Entity{id=4, name='Subvencija'}
2024-06-28 14:12:49,572 INFO [JavaFX Application Thread] a.p.u.DatabaseUtils [DatabaseUtils.java:139] Transaction{transactionType=INCOME, amount=500.00, description='Donacija od lokalne zajednice', date=2023-02-28, project=Projektiranje novog stambenog bloka, id=5, name='Donacija'} Entity{id=5, name='Donacija'}
2024-06-28 14:12:49,572 INFO [JavaFX Application Thread] a.p.u.DatabaseUtils [DatabaseUtils.java:139] Transaction{transactionType=EXPENSE, amount=8000.00, description='Mjesečna najamnina za ured', date=2023-02-05, project=Projektiranje novog stambenog bloka, id=6, name='Najam ureda'} Entity{id=6, name='Najam ureda'}
2024-06-28 14:12:49,572 INFO [JavaFX Application Thread] a.p.u.DatabaseUtils [DatabaseUtils.java:139] Transaction{transactionType=EXPENSE, amount=1500.00, description='Mjesečni troškovi režija', date=2023-02-10, project=Izgradnja poslovnog centra, id=7, name='Režije'} Entity{id=7, name='Režije'}
2024-06-28 14:12:49,572 INFO [JavaFX Application Thread] a.p.u.DatabaseUtils [DatabaseUtils.java:139] Transaction{transactionType=EXPENSE, amount=3000.00, description='Nabava materijala za maketu', date=2023-02-15, project=Renovacija stare gradske kuće, id=8, name='Nabava materijala'} Entity{id=8, name='Nabava materijala'}
2024-06-28 14:12:49,572 INFO [JavaFX Application Thread] a.p.u.DatabaseUtils [DatabaseUtils.java:139] Transaction{transactionType=EXPENSE, amount=1200.00, description='Godišnja obnova softverskih licenci', date=2023-02-20, project=Projektiranje novog stambenog bloka, id=9, name='Softverske licence'} Entity{id=9, name='Softverske licence'}
2024-06-28 14:12:49,572 INFO [JavaFX Application Thread] a.p.u.DatabaseUtils [DatabaseUtils.java:139] Transaction{transactionType=EXPENSE, amount=500.00, description='Ručak sa klijentima', date=2023-02-25, project=Izgradnja poslovnog centra, id=10, name='Poslovni ručak'} Entity{id=10, name='Poslovni ručak'}
2024-06-28 14:12:49,573 INFO [JavaFX Application Thread] a.p.u.DatabaseUtils [DatabaseUtils.java:139] Transaction{transactionType=EXPENSE, amount=8000.00, description='Trošak sudskih troškova', date=2024-06-28, project=Izgradnja poslovnog centra, id=12, name='Račun BR 9911'} Entity{id=12, name='Račun BR 9911'}
2024-06-28 14:12:49,573 INFO [JavaFX Application Thread] a.p.u.DatabaseUtils [DatabaseUtils.java:139] Transaction{transactionType=EXPENSE, amount=300.00, description='Troškovi javnog bilježnika', date=2024-06-28, project=Neboder u Sesvetama, id=13, name='Račun br a426v'} Entity{id=13, name='Račun br a426v'}
2024-06-28 14:13:19,280 INFO [JavaFX Application Thread] j.p.l.LayoutController [LayoutController.java:54] Showing transaction add screen
2024-06-28 14:13:54,681 INFO [JavaFX Application Thread] a.p.u.DatabaseUtils [DatabaseUtils.java:40] Transaction saved successfully.
2024-06-28 14:13:56,919 INFO [JavaFX Application Thread] j.p.l.LayoutController [LayoutController.java:68] Showing transaction search screen
2024-06-28 14:13:56,990 INFO [JavaFX Application Thread] a.p.u.DatabaseUtils [DatabaseUtils.java:122] prep588: SELECT * FROM TRANSACTION WHERE 1=1 AND AMOUNT BETWEEN ? AND ?
2024-06-28 14:13:56,991 INFO [JavaFX Application Thread] a.p.u.DatabaseUtils [DatabaseUtils.java:137] rs2522: columns: 7 rows: 13 pos: -1
2024-06-28 14:13:57,026 INFO [JavaFX Application Thread] a.p.u.DatabaseUtils [DatabaseUtils.java:139] Transaction{transactionType=INCOME, amount=15000.00, description='Honorar za projektni zadatak', date=2023-02-01, project=Izgradnja poslovnog centra, id=1, name='Projektni honorar'} Entity{id=1, name='Projektni honorar'}
2024-06-28 14:13:57,026 INFO [JavaFX Application Thread] a.p.u.DatabaseUtils [DatabaseUtils.java:139] Transaction{transactionType=INCOME, amount=5000.00, description='Plaćanje za konsultantske usluge', date=2023-02-15, project=Izgradnja poslovnog centra, id=2, name='Konsultantske usluge'} Entity{id=2, name='Konsultantske usluge'}
2024-06-28 14:13:57,026 INFO [JavaFX Application Thread] a.p.u.DatabaseUtils [DatabaseUtils.java:139] Transaction{transactionType=INCOME, amount=2000.00, description='Prihod od prodaje nacrta', date=2023-02-20, project=Renovacija stare gradske kuće, id=3, name='Prodaja nacrta'} Entity{id=3, name='Prodaja nacrta'}
2024-06-28 14:13:57,026 INFO [JavaFX Application Thread] a.p.u.DatabaseUtils [DatabaseUtils.java:139] Transaction{transactionType=INCOME, amount=10000.00, description='Državna subvencija za zeleno graditeljstvo', date=2023-02-25, project=Renovacija stare gradske kuće, id=4, name='Subvencija'} Entity{id=4, name='Subvencija'}
2024-06-28 14:13:57,026 INFO [JavaFX Application Thread] a.p.u.DatabaseUtils [DatabaseUtils.java:139] Transaction{transactionType=INCOME, amount=500.00, description='Donacija od lokalne zajednice', date=2023-02-28, project=Projektiranje novog stambenog bloka, id=5, name='Donacija'} Entity{id=5, name='Donacija'}
2024-06-28 14:13:57,026 INFO [JavaFX Application Thread] a.p.u.DatabaseUtils [DatabaseUtils.java:139] Transaction{transactionType=EXPENSE, amount=8000.00, description='Mjesečna najamnina za ured', date=2023-02-05, project=Projektiranje novog stambenog bloka, id=6, name='Najam ureda'} Entity{id=6, name='Najam ureda'}
2024-06-28 14:13:57,026 INFO [JavaFX Application Thread] a.p.u.DatabaseUtils [DatabaseUtils.java:139] Transaction{transactionType=EXPENSE, amount=1500.00, description='Mjesečni troškovi režija', date=2023-02-10, project=Izgradnja poslovnog centra, id=7, name='Režije'} Entity{id=7, name='Režije'}
2024-06-28 14:13:57,026 INFO [JavaFX Application Thread] a.p.u.DatabaseUtils [DatabaseUtils.java:139] Transaction{transactionType=EXPENSE, amount=3000.00, description='Nabava materijala za maketu', date=2023-02-15, project=Renovacija stare gradske kuće, id=8, name='Nabava materijala'} Entity{id=8, name='Nabava materijala'}
2024-06-28 14:13:57,026 INFO [JavaFX Application Thread] a.p.u.DatabaseUtils [DatabaseUtils.java:139] Transaction{transactionType=EXPENSE, amount=1200.00, description='Godišnja obnova softverskih licenci', date=2023-02-20, project=Projektiranje novog stambenog bloka, id=9, name='Softverske licence'} Entity{id=9, name='Softverske licence'}
2024-06-28 14:13:57,026 INFO [JavaFX Application Thread] a.p.u.DatabaseUtils [DatabaseUtils.java:139] Transaction{transactionType=EXPENSE, amount=500.00, description='Ručak sa klijentima', date=2023-02-25, project=Izgradnja poslovnog centra, id=10, name='Poslovni ručak'} Entity{id=10, name='Poslovni ručak'}
2024-06-28 14:13:57,026 INFO [JavaFX Application Thread] a.p.u.DatabaseUtils [DatabaseUtils.java:139] Transaction{transactionType=EXPENSE, amount=8000.00, description='Trošak sudskih troškova', date=2024-06-28, project=Izgradnja poslovnog centra, id=12, name='Račun BR 9911'} Entity{id=12, name='Račun BR 9911'}
2024-06-28 14:13:57,026 INFO [JavaFX Application Thread] a.p.u.DatabaseUtils [DatabaseUtils.java:139] Transaction{transactionType=EXPENSE, amount=300.00, description='Troškovi javnog bilježnika', date=2024-06-28, project=Neboder u Sesvetama, id=13, name='Račun br a426v'} Entity{id=13, name='Račun br a426v'}
2024-06-28 14:13:57,026 INFO [JavaFX Application Thread] a.p.u.DatabaseUtils [DatabaseUtils.java:139] Transaction{transactionType=INCOME, amount=5550.00, description='Predujam za rad na hotelu Ankaran', date=2024-06-28, project=Ankaran, id=14, name='Predujam'} Entity{id=14, name='Predujam'}
2024-06-28 14:14:06,399 ERROR [JavaFX Application Thread] j.p.u.JavaFxUtils [JavaFxUtils.java:47] Invalid format for type java.math.BigDecimal: [null]
2024-06-28 14:14:06,400 ERROR [JavaFX Application Thread] j.p.u.JavaFxUtils [JavaFxUtils.java:47] Invalid format for type java.math.BigDecimal: [null]
2024-06-28 14:14:06,402 INFO [JavaFX Application Thread] a.p.u.DatabaseUtils [DatabaseUtils.java:122] prep615: SELECT * FROM TRANSACTION WHERE 1=1 AND AMOUNT BETWEEN ? AND ? AND PROJECT_ID = ?
2024-06-28 14:14:06,402 INFO [JavaFX Application Thread] a.p.u.DatabaseUtils [DatabaseUtils.java:137] rs2651: columns: 7 rows: 1 pos: -1
2024-06-28 14:14:06,407 INFO [JavaFX Application Thread] a.p.u.DatabaseUtils [DatabaseUtils.java:139] Transaction{transactionType=INCOME, amount=5550.00, description='Predujam za rad na hotelu Ankaran', date=2024-06-28, project=Ankaran, id=14, name='Predujam'} Entity{id=14, name='Predujam'}
